1574124102.547490|LAUNCH|DIDLaunch START|
1574124102.555124|SYS|Running on macOS: 10.15.1|
1574124102.555147|SYS|BTT Version: 3.206|
1574124102.555175|SYS|Device: MacBookPro15,2|
1574124102.627036|usage|loading todays usage|
1574124102.637914|short|init|
1574124102.639184|STORE|The store already exists in udefs|
1574124102.639242|xw|the new store already exists btt_data_store.version_3_206_build_1382|
1574124102.649610|LIC|idate 2019-09-30 08:00:36 +0000|
1574124102.654428|LIC|closing previous instance of BetterTouchTool relaunch|
1574124102.659836|LIC|license appears to be valid|
1574124102.660688|LIC|license dictionary {
    CheckoutName = "Dirk Tornow";
    Email = "dirk@smings.com";
    LicenseType = "paddle_lifetime";
    Licenses = 1;
    Name = "Dirk Tornow";
    OrderID = 3e077963858a1f0ad0eee360737f6c61;
    Product = BetterTouchTool;
    Signature = {length = 128, bytes = 0x2f068c1d e2832ee2 79716cd0 54f19928 ... 8ba28ded 5766fc94 };
    Timestamp = 1568360356;
    TransactionID = "39422015-chreb48eb62a14f-6ce7abad5e";
}|
1574124102.660752|LIC|systemdate 2019-09-13 07:39:16 +0000|
1574124102.660765|LIC|using date 1568360356|
1574124102.660797|lic|newest date 2019-09-13 07:39:16 +0000|
1574124102.660804|lic|lict 39422015-chreb48eb62a14f-6ce7abad5e|
1574124102.662577|lic|newest date 2019-09-13 07:39:16 +0000|
1574124102.662597|lic|lict 39422015-chreb48eb62a14f-6ce7abad5e|
1574124102.662753|LIC|License is valid for this version|
1574124102.676597|lic|newest date 2019-09-13 07:39:16 +0000|
1574124102.676618|lic|lict 39422015-chreb48eb62a14f-6ce7abad5e|
1574124102.709564|PERM|Can record screen 1|
1574124102.709641|xw|is trusted|
1574124102.727992|short|call sharedInstance4|
1574124102.789734|M|mt_stop10|
1574124102.791296|M|register touchbar mbp trackpad|
1574124102.791311|M|register internal trackpad|
1574124102.791436|STDEV|68|
1574124103.190525|lic|newest date 2019-09-13 07:39:16 +0000|
1574124103.190545|lic|lict 39422015-chreb48eb62a14f-6ce7abad5e|
1574124103.191939|START|TB VISIBLE 0|
1574124103.191956|START|TB FORCED HIDDEN 0|
1574124103.200739|lic|newest date 2019-09-13 07:39:16 +0000|
1574124103.200755|lic|lict 39422015-chreb48eb62a14f-6ce7abad5e|
1574124103.202567|LAUNCH|DIDLaunch END frontmostApp: com.apple.loginwindow, touchpadMode 0, windowSnappingDisabled 0, singleFingerScrollingDisabled 0, mmScrollingUsed 0, tpScrollingUsed 0, tpPinchUsed 0, tpRotateUsed 0|
1574124103.219527|lic|newest date 2019-09-13 07:39:16 +0000|
1574124103.219542|lic|lict 39422015-chreb48eb62a14f-6ce7abad5e|
1574124103.230680|SLEEP|FORCESHOWAFTERSLEEP2|
1574124103.230702|TB|Force show Touch Bar|
1574124103.335820|SLEEP|FORCESHOWAFTERSLEEP3|
1574124103.335843|TB|Force show Touch Bar|
1574124103.742636|xw|disabling touch for internal trackpad (clamshell)|
1574124104.222681|M|mt_stop2|
1574124104.223413|ASL|Bonjour Service Published: domain(local.) type(_bttremote._tcp.) name(McDiTo) port(50675)|
1574124104.224464|M|unregister magic trackpad 2|
1574124104.225747|M|register touchbar mbp trackpad|
1574124104.225765|M|register internal trackpad|
1574124104.225889|STDEV|68|
1574124121.912748|SYS|USB DEVICE DISCONNECTED|
1574124121.925241|SYS|USB DEVICE CONNECTED|
1574124121.925537|SYS|USB Connect Count 2|
1574124123.822456|M|mt_stop2|
1574124123.825495|M|unregister magic trackpad 2|
1574124123.832160|M|register touchbar mbp trackpad|
1574124123.832301|M|register internal trackpad|
1574124123.833706|STDEV|68|
1574124124.511832|M|mt_stop2|
1574124124.515150|M|unregister magic trackpad 2|
1574124124.526929|M|register touchbar mbp trackpad|
1574124124.527241|M|register internal trackpad|
1574124124.528542|STDEV|68|
1574124142.405669|SYS|USB DEVICE DISCONNECTED|
1574124142.415385|SYS|USB DEVICE CONNECTED|
1574124142.415664|SYS|USB Connect Count 4|
1574124144.285856|M|mt_stop2|
1574124144.288295|M|unregister magic trackpad 2|
1574124144.300920|M|register touchbar mbp trackpad|
1574124144.301136|M|register internal trackpad|
1574124144.302385|STDEV|68|
1574124145.118889|M|mt_stop2|
1574124145.122277|M|unregister magic trackpad 2|
1574124145.136709|M|register touchbar mbp trackpad|
1574124145.136858|M|register internal trackpad|
1574124145.138019|STDEV|68|
1574127350.886061|SYS|USB DEVICE DISCONNECTED|
1574127350.887332|SYS|USB DEVICE CONNECTED|
1574127350.887368|SYS|USB Connect Count 2|
1574127352.267022|M|mt_stop2|
1574127352.269085|M|unregister magic trackpad 2|
1574127352.271970|M|register touchbar mbp trackpad|
1574127352.272006|M|register internal trackpad|
1574127352.272246|STDEV|68|
1574127353.577292|M|mt_stop2|
1574127353.578656|M|unregister magic trackpad 2|
1574127353.580200|M|register touchbar mbp trackpad|
1574127353.580218|M|register internal trackpad|
1574127353.580357|STDEV|68|
1574127377.515661|SYS|USB DEVICE DISCONNECTED|
1574127377.528156|SYS|USB DEVICE CONNECTED|
1574127377.528423|SYS|USB Connect Count 4|
1574127379.370546|M|mt_stop2|
1574127379.373294|M|unregister magic trackpad 2|
1574127379.381811|M|register touchbar mbp trackpad|
1574127379.382016|M|register internal trackpad|
1574127379.383425|STDEV|68|
1574127380.215244|M|mt_stop2|
1574127380.218471|M|unregister magic trackpad 2|
1574127380.233920|M|register touchbar mbp trackpad|
1574127380.234110|M|register internal trackpad|
1574127380.235560|STDEV|68|
1574127396.123887|SYS|USB DEVICE DISCONNECTED|
1574127396.134988|SYS|USB DEVICE CONNECTED|
1574127396.135354|SYS|USB Connect Count 2|
1574127397.980596|M|mt_stop2|
1574127397.983219|M|unregister magic trackpad 2|
1574127397.994370|M|register touchbar mbp trackpad|
1574127397.994588|M|register internal trackpad|
1574127397.996028|STDEV|68|
1574127398.823327|M|mt_stop2|
1574127398.826461|M|unregister magic trackpad 2|
1574127398.844369|M|register touchbar mbp trackpad|
1574127398.844560|M|register internal trackpad|
1574127398.845914|STDEV|68|
1574130599.832679|SYS|USB DEVICE DISCONNECTED|
1574130599.833976|SYS|USB DEVICE CONNECTED|
1574130599.834006|SYS|USB Connect Count 4|
1574130601.206630|M|mt_stop2|
1574130601.208648|M|unregister magic trackpad 2|
1574130601.210720|M|register touchbar mbp trackpad|
1574130601.210756|M|register internal trackpad|
1574130601.211023|STDEV|68|
1574130602.503490|M|mt_stop2|
1574130602.505748|M|unregister magic trackpad 2|
1574130602.509617|M|register touchbar mbp trackpad|
1574130602.509655|M|register internal trackpad|
1574130602.509911|STDEV|68|
1574130619.958874|SYS|USB DEVICE DISCONNECTED|
1574130619.972603|SYS|USB DEVICE CONNECTED|
1574130619.973099|SYS|USB Connect Count 2|
1574130621.820436|M|mt_stop2|
1574130621.822950|M|unregister magic trackpad 2|
1574130621.833580|M|register touchbar mbp trackpad|
1574130621.833797|M|register internal trackpad|
1574130621.835411|STDEV|68|
1574130622.680377|M|mt_stop2|
1574130622.683024|M|unregister magic trackpad 2|
1574130622.693246|M|register touchbar mbp trackpad|
1574130622.693446|M|register internal trackpad|
1574130622.694505|STDEV|68|
1574130638.558164|SYS|USB DEVICE DISCONNECTED|
1574130638.570348|SYS|USB DEVICE CONNECTED|
1574130638.570626|SYS|USB Connect Count 4|
1574130640.437268|M|mt_stop2|
1574130640.440030|M|unregister magic trackpad 2|
1574130640.451358|M|register touchbar mbp trackpad|
1574130640.451522|M|register internal trackpad|
1574130640.452802|STDEV|68|
1574130641.261078|M|mt_stop2|
1574130641.264291|M|unregister magic trackpad 2|
1574130641.282289|M|register touchbar mbp trackpad|
1574130641.282480|M|register internal trackpad|
1574130641.284155|STDEV|68|
1574133847.840311|SYS|USB DEVICE DISCONNECTED|
1574133847.841734|SYS|USB DEVICE CONNECTED|
1574133847.841775|SYS|USB Connect Count 2|
1574133849.241780|M|mt_stop2|
1574133849.243497|M|unregister magic trackpad 2|
1574133849.244488|M|register touchbar mbp trackpad|
1574133849.244521|M|register internal trackpad|
1574133849.244654|STDEV|68|
1574133850.559967|M|mt_stop2|
1574133850.561931|M|unregister magic trackpad 2|
1574133850.565069|M|register touchbar mbp trackpad|
1574133850.565099|M|register internal trackpad|
1574133850.565339|STDEV|68|
1574133873.294598|SYS|USB DEVICE DISCONNECTED|
1574133873.309317|SYS|USB DEVICE CONNECTED|
1574133873.309631|SYS|USB Connect Count 4|
1574133875.179030|M|mt_stop2|
1574133875.181785|M|unregister magic trackpad 2|
1574133875.190311|M|register touchbar mbp trackpad|
1574133875.190481|M|register internal trackpad|
1574133875.191605|STDEV|68|
1574133875.994871|M|mt_stop2|
1574133875.998087|M|unregister magic trackpad 2|
1574133876.014103|M|register touchbar mbp trackpad|
1574133876.014253|M|register internal trackpad|
1574133876.015401|STDEV|68|
1574133891.900365|SYS|USB DEVICE DISCONNECTED|
1574133891.915087|SYS|USB DEVICE CONNECTED|
1574133891.915370|SYS|USB Connect Count 2|
1574133893.820212|M|mt_stop2|
1574133893.823478|M|unregister magic trackpad 2|
1574133893.834598|M|register touchbar mbp trackpad|
1574133893.834733|M|register internal trackpad|
1574133893.836131|STDEV|68|
1574133894.637850|M|mt_stop2|
1574133894.641217|M|unregister magic trackpad 2|
1574133894.660465|M|register touchbar mbp trackpad|
1574133894.660910|M|register internal trackpad|
1574133894.662353|STDEV|68|
1574137096.844875|SYS|USB DEVICE DISCONNECTED|
1574137096.846537|SYS|USB DEVICE CONNECTED|
1574137096.846576|SYS|USB Connect Count 4|
1574137098.467327|LAUNCH|DIDLaunch START|
1574137098.472855|SYS|Running on macOS: 10.15.1|
1574137098.472874|SYS|BTT Version: 3.206|
1574137098.472896|SYS|Device: MacBookPro15,2|
1574137098.526302|usage|loading todays usage|
1574137098.536472|short|init|
1574137098.537707|STORE|The store already exists in udefs|
1574137098.537768|xw|the new store already exists btt_data_store.version_3_206_build_1382|
1574137098.547680|LIC|idate 2019-09-30 08:00:36 +0000|
1574137098.553235|LIC|closing previous instance of BetterTouchTool relaunch|
1574137098.558764|LIC|license appears to be valid|
1574137098.559521|LIC|license dictionary {
    CheckoutName = "Dirk Tornow";
    Email = "dirk@smings.com";
    LicenseType = "paddle_lifetime";
    Licenses = 1;
    Name = "Dirk Tornow";
    OrderID = 3e077963858a1f0ad0eee360737f6c61;
    Product = BetterTouchTool;
    Signature = {length = 128, bytes = 0x2f068c1d e2832ee2 79716cd0 54f19928 ... 8ba28ded 5766fc94 };
    Timestamp = 1568360356;
    TransactionID = "39422015-chreb48eb62a14f-6ce7abad5e";
}|
1574137098.559575|LIC|systemdate 2019-09-13 07:39:16 +0000|
1574137098.559587|LIC|using date 1568360356|
1574137098.559620|lic|newest date 2019-09-13 07:39:16 +0000|
1574137098.559627|lic|lict 39422015-chreb48eb62a14f-6ce7abad5e|
1574137098.561220|lic|newest date 2019-09-13 07:39:16 +0000|
1574137098.561233|lic|lict 39422015-chreb48eb62a14f-6ce7abad5e|
1574137098.561353|LIC|License is valid for this version|
1574137098.574186|lic|newest date 2019-09-13 07:39:16 +0000|
1574137098.574202|lic|lict 39422015-chreb48eb62a14f-6ce7abad5e|
1574137098.605513|PERM|Can record screen 1|
1574137098.605590|xw|is trusted|
1574137098.623274|short|call sharedInstance4|
1574137098.679875|M|mt_stop10|
1574137098.681306|M|register touchbar mbp trackpad|
1574137098.681323|M|register internal trackpad|
1574137098.681500|STDEV|68|
1574137099.203585|lic|newest date 2019-09-13 07:39:16 +0000|
1574137099.203603|lic|lict 39422015-chreb48eb62a14f-6ce7abad5e|
1574137099.204945|START|TB VISIBLE 0|
1574137099.204960|START|TB FORCED HIDDEN 0|
1574137099.215509|lic|newest date 2019-09-13 07:39:16 +0000|
1574137099.215525|lic|lict 39422015-chreb48eb62a14f-6ce7abad5e|
1574137099.217194|LAUNCH|DIDLaunch END frontmostApp: com.apple.loginwindow, touchpadMode 0, windowSnappingDisabled 0, singleFingerScrollingDisabled 0, mmScrollingUsed 0, tpScrollingUsed 0, tpPinchUsed 0, tpRotateUsed 0|
1574137099.233916|lic|newest date 2019-09-13 07:39:16 +0000|
1574137099.233931|lic|lict 39422015-chreb48eb62a14f-6ce7abad5e|
1574137099.244312|SLEEP|FORCESHOWAFTERSLEEP2|
1574137099.244332|TB|Force show Touch Bar|
1574137099.352305|SLEEP|FORCESHOWAFTERSLEEP3|
1574137099.352332|TB|Force show Touch Bar|
1574137099.536928|xw|disabling touch for internal trackpad (clamshell)|
1574137100.140224|ASL|Bonjour Service Published: domain(local.) type(_bttremote._tcp.) name(McDiTo) port(50675)|
1574137100.140751|M|mt_stop2|
1574137100.142567|M|unregister magic trackpad 2|
1574137100.143920|M|register touchbar mbp trackpad|
1574137100.143965|M|register internal trackpad|
1574137100.144155|STDEV|68|
1574137116.838506|SYS|USB DEVICE DISCONNECTED|
1574137116.851171|SYS|USB DEVICE CONNECTED|
1574137116.851643|SYS|USB Connect Count 2|
1574137118.790059|M|mt_stop2|
1574137118.792313|M|unregister magic trackpad 2|
1574137118.802143|M|register touchbar mbp trackpad|
1574137118.802330|M|register internal trackpad|
1574137118.803613|STDEV|68|
1574137119.403062|M|mt_stop2|
1574137119.406214|M|unregister magic trackpad 2|
1574137119.417757|M|register touchbar mbp trackpad|
1574137119.417904|M|register internal trackpad|
1574137119.419090|STDEV|68|
1574137119.492055|M|mt_stop2|
1574137119.495164|M|unregister magic trackpad 2|
1574137119.509769|M|register touchbar mbp trackpad|
1574137119.509958|M|register internal trackpad|
1574137119.511234|STDEV|68|
1574137121.696610|M|mt_stop2|
1574137121.699635|M|unregister magic trackpad 2|
1574137121.711660|M|register touchbar mbp trackpad|
1574137121.711853|M|register internal trackpad|
1574137121.712924|STDEV|68|
1574137124.894980|M|mt_stop2|
1574137124.898000|M|unregister magic trackpad 2|
1574137124.911085|M|register touchbar mbp trackpad|
1574137124.911231|M|register internal trackpad|
1574137124.912236|STDEV|68|
1574137129.922636|M|mt_stop2|
1574137129.925665|M|unregister magic trackpad 2|
1574137129.940253|M|register touchbar mbp trackpad|
1574137129.940465|M|register internal trackpad|
1574137129.942009|STDEV|68|
1574137138.481328|SYS|USB DEVICE DISCONNECTED|
1574137138.493427|SYS|USB DEVICE CONNECTED|
1574137138.494130|SYS|USB Connect Count 4|
1574137140.350351|M|mt_stop2|
1574137140.353135|M|unregister magic trackpad 2|
1574137140.364765|M|register touchbar mbp trackpad|
1574137140.364949|M|register internal trackpad|
1574137140.366253|STDEV|68|
1574137141.210030|M|mt_stop2|
1574137141.212980|M|unregister magic trackpad 2|
1574137141.228063|M|register touchbar mbp trackpad|
1574137141.228222|M|register internal trackpad|
1574137141.229509|STDEV|68|
1574138701.857135|SYS|USB DEVICE DISCONNECTED|
1574138701.858757|SYS|USB DEVICE CONNECTED|
1574138701.858803|SYS|USB Connect Count 2|
1574138703.226514|M|mt_stop2|
1574138703.227936|M|unregister magic trackpad 2|
1574138703.229333|M|register touchbar mbp trackpad|
1574138703.229358|M|register internal trackpad|
1574138703.229536|STDEV|68|
1574138704.559388|M|mt_stop2|
1574138704.561446|M|unregister magic trackpad 2|
1574138704.564934|M|register touchbar mbp trackpad|
1574138704.564974|M|register internal trackpad|
1574138704.565232|STDEV|68|
1574141785.822155|SYS|USB DEVICE DISCONNECTED|
1574141785.823397|SYS|USB DEVICE CONNECTED|
1574141785.823430|SYS|USB Connect Count 4|
1574141787.200992|M|mt_stop2|
1574141787.202932|M|unregister magic trackpad 2|
1574141787.204690|M|register touchbar mbp trackpad|
1574141787.204723|M|register internal trackpad|
1574141787.204959|STDEV|68|
1574141788.478719|M|mt_stop2|
1574141788.480946|M|unregister magic trackpad 2|
1574141788.483945|M|register touchbar mbp trackpad|
1574141788.483982|M|register internal trackpad|
1574141788.484215|STDEV|68|
1574141869.059711|LAUNCH|DIDLaunch START|
1574141869.065497|SYS|Running on macOS: 10.15.1|
1574141869.065514|SYS|BTT Version: 3.206|
1574141869.065536|SYS|Device: MacBookPro15,2|
1574141869.121450|usage|loading todays usage|
1574141869.134385|short|init|
1574141869.136511|STORE|The store already exists in udefs|
1574141869.136620|xw|the new store already exists btt_data_store.version_3_206_build_1382|
1574141869.146784|LIC|idate 2019-09-30 08:00:36 +0000|
1574141869.151839|LIC|closing previous instance of BetterTouchTool relaunch|
1574141869.156604|LIC|license appears to be valid|
1574141869.157349|LIC|license dictionary {
    CheckoutName = "Dirk Tornow";
    Email = "dirk@smings.com";
    LicenseType = "paddle_lifetime";
    Licenses = 1;
    Name = "Dirk Tornow";
    OrderID = 3e077963858a1f0ad0eee360737f6c61;
    Product = BetterTouchTool;
    Signature = {length = 128, bytes = 0x2f068c1d e2832ee2 79716cd0 54f19928 ... 8ba28ded 5766fc94 };
    Timestamp = 1568360356;
    TransactionID = "39422015-chreb48eb62a14f-6ce7abad5e";
}|
1574141869.157415|LIC|systemdate 2019-09-13 07:39:16 +0000|
1574141869.157425|LIC|using date 1568360356|
1574141869.157450|lic|newest date 2019-09-13 07:39:16 +0000|
1574141869.157456|lic|lict 39422015-chreb48eb62a14f-6ce7abad5e|
1574141869.159015|lic|newest date 2019-09-13 07:39:16 +0000|
1574141869.159028|lic|lict 39422015-chreb48eb62a14f-6ce7abad5e|
1574141869.159148|LIC|License is valid for this version|
1574141869.172735|lic|newest date 2019-09-13 07:39:16 +0000|
1574141869.172757|lic|lict 39422015-chreb48eb62a14f-6ce7abad5e|
1574141869.210825|PERM|Can record screen 1|
1574141869.210895|xw|is trusted|
1574141869.232947|short|call sharedInstance4|
1574141869.304937|M|mt_stop10|
1574141869.306482|M|register touchbar mbp trackpad|
1574141869.306521|M|register internal trackpad|
1574141869.306666|STDEV|68|
1574141869.715751|lic|newest date 2019-09-13 07:39:16 +0000|
1574141869.715771|lic|lict 39422015-chreb48eb62a14f-6ce7abad5e|
1574141869.717149|START|TB VISIBLE 0|
1574141869.717165|START|TB FORCED HIDDEN 0|
1574141869.725908|lic|newest date 2019-09-13 07:39:16 +0000|
1574141869.725923|lic|lict 39422015-chreb48eb62a14f-6ce7abad5e|
1574141869.727678|LAUNCH|DIDLaunch END frontmostApp: com.apple.loginwindow, touchpadMode 0, windowSnappingDisabled 0, singleFingerScrollingDisabled 0, mmScrollingUsed 0, tpScrollingUsed 0, tpPinchUsed 0, tpRotateUsed 0|
1574141869.745819|lic|newest date 2019-09-13 07:39:16 +0000|
1574141869.745835|lic|lict 39422015-chreb48eb62a14f-6ce7abad5e|
1574141869.756678|SLEEP|FORCESHOWAFTERSLEEP2|
1574141869.756700|TB|Force show Touch Bar|
1574141869.865896|SLEEP|FORCESHOWAFTERSLEEP3|
1574141869.865917|TB|Force show Touch Bar|
1574141870.143137|xw|disabling touch for internal trackpad (clamshell)|
1574141870.687235|M|mt_stop2|
1574141870.688011|ASL|Bonjour Service Published: domain(local.) type(_bttremote._tcp.) name(McDiTo) port(50675)|
1574141870.688590|M|unregister magic trackpad 2|
1574141870.689996|M|register touchbar mbp trackpad|
1574141870.690014|M|register internal trackpad|
1574141870.690143|STDEV|68|
1574141922.549270|SYS|USB DEVICE DISCONNECTED|
1574141922.549440|SYS|USB DEVICE CONNECTED|
1574141922.549501|SYS|USB Connect Count 2|
1574141923.661500|M|mt_stop2|
1574141923.663387|M|unregister magic trackpad 2|
1574141923.665467|M|register touchbar mbp trackpad|
1574141923.665494|M|register internal trackpad|
1574141923.665683|STDEV|68|
1574141925.141990|M|mt_stop2|
1574141925.143791|M|unregister magic trackpad 2|
1574141925.145683|M|register touchbar mbp trackpad|
1574141925.145708|M|register internal trackpad|
1574141925.145861|STDEV|68|
1574142823.810017|SYS|USB DEVICE DISCONNECTED|
1574142823.811720|SYS|USB DEVICE CONNECTED|
1574142823.811787|SYS|USB Connect Count 2|
1574142825.293746|M|mt_stop2|
1574142825.295877|M|unregister magic trackpad 2|
1574142825.298276|M|register touchbar mbp trackpad|
1574142825.298330|M|register internal trackpad|
1574142825.298679|STDEV|68|
1574142826.333289|M|mt_stop2|
1574142826.335320|M|unregister magic trackpad 2|
1574142826.337359|M|register touchbar mbp trackpad|
1574142826.337394|M|register internal trackpad|
1574142826.337610|STDEV|68|
1574143017.051947|LAUNCH|DIDLaunch START|
1574143017.057755|SYS|Running on macOS: 10.15.1|
1574143017.057772|SYS|BTT Version: 3.206|
1574143017.057798|SYS|Device: MacBookPro15,2|
1574143017.110294|usage|loading todays usage|
1574143017.119249|short|init|
1574143017.120491|STORE|The store already exists in udefs|
1574143017.120552|xw|the new store already exists btt_data_store.version_3_206_build_1382|
1574143017.129698|LIC|idate 2019-09-30 08:00:36 +0000|
1574143017.134781|LIC|closing previous instance of BetterTouchTool relaunch|
1574143017.139763|LIC|license appears to be valid|
1574143017.140459|LIC|license dictionary {
    CheckoutName = "Dirk Tornow";
    Email = "dirk@smings.com";
    LicenseType = "paddle_lifetime";
    Licenses = 1;
    Name = "Dirk Tornow";
    OrderID = 3e077963858a1f0ad0eee360737f6c61;
    Product = BetterTouchTool;
    Signature = {length = 128, bytes = 0x2f068c1d e2832ee2 79716cd0 54f19928 ... 8ba28ded 5766fc94 };
    Timestamp = 1568360356;
    TransactionID = "39422015-chreb48eb62a14f-6ce7abad5e";
}|
1574143017.140509|LIC|systemdate 2019-09-13 07:39:16 +0000|
1574143017.140517|LIC|using date 1568360356|
1574143017.140545|lic|newest date 2019-09-13 07:39:16 +0000|
1574143017.140552|lic|lict 39422015-chreb48eb62a14f-6ce7abad5e|
1574143017.142031|lic|newest date 2019-09-13 07:39:16 +0000|
1574143017.142043|lic|lict 39422015-chreb48eb62a14f-6ce7abad5e|
1574143017.142160|LIC|License is valid for this version|
1574143017.156170|lic|newest date 2019-09-13 07:39:16 +0000|
1574143017.156188|lic|lict 39422015-chreb48eb62a14f-6ce7abad5e|
1574143017.188004|PERM|Can record screen 1|
1574143017.188084|xw|is trusted|
1574143017.207099|short|call sharedInstance4|
1574143017.266389|M|mt_stop10|
1574143017.267957|M|register touchbar mbp trackpad|
1574143017.267978|M|register internal trackpad|
1574143017.268111|STDEV|68|
1574143017.681180|lic|newest date 2019-09-13 07:39:16 +0000|
1574143017.681199|lic|lict 39422015-chreb48eb62a14f-6ce7abad5e|
1574143017.682582|START|TB VISIBLE 0|
1574143017.682598|START|TB FORCED HIDDEN 0|
1574143017.691056|lic|newest date 2019-09-13 07:39:16 +0000|
1574143017.691070|lic|lict 39422015-chreb48eb62a14f-6ce7abad5e|
1574143017.692737|LAUNCH|DIDLaunch END frontmostApp: com.apple.loginwindow, touchpadMode 0, windowSnappingDisabled 0, singleFingerScrollingDisabled 0, mmScrollingUsed 0, tpScrollingUsed 0, tpPinchUsed 0, tpRotateUsed 0|
1574143017.707869|lic|newest date 2019-09-13 07:39:16 +0000|
1574143017.707884|lic|lict 39422015-chreb48eb62a14f-6ce7abad5e|
1574143017.718571|SLEEP|FORCESHOWAFTERSLEEP2|
1574143017.718593|TB|Force show Touch Bar|
1574143017.830735|SLEEP|FORCESHOWAFTERSLEEP3|
1574143017.830755|TB|Force show Touch Bar|
1574143018.221900|xw|disabling touch for internal trackpad (clamshell)|
1574143018.765920|M|mt_stop2|
1574143018.766556|ASL|Bonjour Service Published: domain(local.) type(_bttremote._tcp.) name(McDiTo) port(50675)|
1574143018.767797|M|unregister magic trackpad 2|
1574143018.769117|M|register touchbar mbp trackpad|
1574143018.769139|M|register internal trackpad|
1574143018.769372|STDEV|68|
1574143798.809208|SYS|USB DEVICE DISCONNECTED|
1574143798.810645|SYS|USB DEVICE CONNECTED|
1574143798.810700|SYS|USB Connect Count 2|
1574143800.233802|M|mt_stop2|
1574143800.235322|M|unregister magic trackpad 2|
1574143800.237611|M|register touchbar mbp trackpad|
1574143800.237644|M|register internal trackpad|
1574143800.237899|STDEV|68|
1574143801.497133|M|mt_stop2|
1574143801.499255|M|unregister magic trackpad 2|
1574143801.501989|M|register touchbar mbp trackpad|
1574143801.502012|M|register internal trackpad|
1574143801.502198|STDEV|68|
1574144173.753332|xw|enabling touch for internal trackpad (after clamshell)|
1574144175.520792|SYS|USB DEVICE DISCONNECTED|
1574144175.521578|SYS|USB DEVICE CONNECTED|
1574144175.521603|SYS|USB Connect Count 4|
1574144175.916898|LAUNCH|DIDLaunch START|
1574144175.924425|SYS|Running on macOS: 10.15.1|
1574144175.924448|SYS|BTT Version: 3.206|
1574144175.924478|SYS|Device: MacBookPro15,2|
1574144175.996021|usage|loading todays usage|
1574144176.007153|short|init|
1574144176.009198|STORE|The store already exists in udefs|
1574144176.009274|xw|the new store already exists btt_data_store.version_3_206_build_1382|
1574144176.021103|LIC|idate 2019-09-30 08:00:36 +0000|
1574144176.028039|LIC|closing previous instance of BetterTouchTool relaunch|
1574144176.034359|LIC|license appears to be valid|
1574144176.035356|LIC|license dictionary {
    CheckoutName = "Dirk Tornow";
    Email = "dirk@smings.com";
    LicenseType = "paddle_lifetime";
    Licenses = 1;
    Name = "Dirk Tornow";
    OrderID = 3e077963858a1f0ad0eee360737f6c61;
    Product = BetterTouchTool;
    Signature = {length = 128, bytes = 0x2f068c1d e2832ee2 79716cd0 54f19928 ... 8ba28ded 5766fc94 };
    Timestamp = 1568360356;
    TransactionID = "39422015-chreb48eb62a14f-6ce7abad5e";
}|
1574144176.035451|LIC|systemdate 2019-09-13 07:39:16 +0000|
1574144176.035463|LIC|using date 1568360356|
1574144176.035500|lic|newest date 2019-09-13 07:39:16 +0000|
1574144176.035509|lic|lict 39422015-chreb48eb62a14f-6ce7abad5e|
1574144176.037729|lic|newest date 2019-09-13 07:39:16 +0000|
1574144176.037750|lic|lict 39422015-chreb48eb62a14f-6ce7abad5e|
1574144176.037891|LIC|License is valid for this version|
1574144176.055156|lic|newest date 2019-09-13 07:39:16 +0000|
1574144176.055176|lic|lict 39422015-chreb48eb62a14f-6ce7abad5e|
1574144176.062977|lic|newest date 2019-09-13 07:39:16 +0000|
1574144176.062996|lic|lict 39422015-chreb48eb62a14f-6ce7abad5e|
1574144176.107360|PERM|Can record screen 1|
1574144176.107461|xw|is trusted|
1574144176.128826|short|call sharedInstance4|
1574144176.133265|SEC|SecureInputActive com.apple.loginwindow 182|
1574144176.205754|M|mt_stop10|
1574144176.207065|M|register touchbar mbp trackpad|
1574144176.207081|M|register internal trackpad|
1574144176.207206|STDEV|68|
1574144177.033034|lic|newest date 2019-09-13 07:39:16 +0000|
1574144177.033054|lic|lict 39422015-chreb48eb62a14f-6ce7abad5e|
1574144177.034526|START|TB VISIBLE 0|
1574144177.034544|START|TB FORCED HIDDEN 0|
1574144177.040602|LAUNCH|DIDLaunch END frontmostApp: com.apple.loginwindow, touchpadMode 0, windowSnappingDisabled 0, singleFingerScrollingDisabled 0, mmScrollingUsed 0, tpScrollingUsed 0, tpPinchUsed 0, tpRotateUsed 0|
1574144177.059083|lic|newest date 2019-09-13 07:39:16 +0000|
1574144177.059100|lic|lict 39422015-chreb48eb62a14f-6ce7abad5e|
1574144177.071352|SLEEP|FORCESHOWAFTERSLEEP2|
1574144177.071372|TB|Force show Touch Bar|
1574144177.649834|SLEEP|FORCESHOWAFTERSLEEP3|
1574144177.649854|TB|Force show Touch Bar|
1574144177.650200|M|mt_stop2|
1574144177.651608|M|unregister magic trackpad 2|
1574144177.652642|M|register touchbar mbp trackpad|
1574144177.652662|M|register internal trackpad|
1574144177.652815|STDEV|68|
1574144177.787966|ASL|Bonjour Service Published: domain(local.) type(_bttremote._tcp.) name(McDiTo) port(50675)|
1574144185.140287|SYS|USB DEVICE CONNECTED|
1574144185.140477|SYS|USB Connect Count 1|
1574144187.897468|SYS|USB DEVICE CONNECTED|
1574144187.897526|SYS|USB Connect Count 2|
1574144187.899708|M|mt_stop2|
1574144187.913063|M|unregister magic trackpad 2|
1574144187.915559|M|register touchbar mbp trackpad|
1574144187.915586|M|register internal trackpad|
1574144187.922789|STDEV|68|
1574144188.012637|SYS|USB DEVICE CONNECTED|
1574144188.012756|SYS|USB Connect Count 3|
1574144188.066750|SYS|USB DEVICE CONNECTED|
1574144188.066784|SYS|USB Connect Count 4|
1574144190.096191|M|mt_stop2|
1574144190.097936|M|unregister magic trackpad 2|
1574144190.100167|M|register touchbar mbp trackpad|
1574144190.100195|M|register internal trackpad|
1574144190.100422|STDEV|68|
1574144190.748327|M|mt_stop2|
1574144190.750292|M|unregister magic trackpad 2|
1574144190.753715|M|register touchbar mbp trackpad|
1574144190.753751|M|register internal trackpad|
1574144190.753993|STDEV|68|
1574144192.369132|SEC|SecureInputDisabled com.apple.loginwindow|
1574144192.539119|LOGIN|RESTART AFTER LOGIN|
1574144192.542206|xw|should relaunch|
1574144192.542593|xw|BTTRelaunch found|
1574144192.542637|xw|BTTRelaunch call seems successfull|
1574144192.553781|TERMINATE|SHOULDTERMINATE|
1574144192.889957|LAUNCH|DIDLaunch START|
1574144192.895105|SYS|Running on macOS: 10.15.1|
1574144192.895129|SYS|BTT Version: 3.206|
1574144192.895159|SYS|Device: MacBookPro15,2|
1574144192.948074|usage|loading todays usage|
1574144192.957335|short|init|
1574144192.958564|STORE|The store already exists in udefs|
1574144192.958627|xw|the new store already exists btt_data_store.version_3_206_build_1382|
1574144192.967598|LIC|idate 2019-09-30 08:00:36 +0000|
1574144192.972198|LIC|closing previous instance of BetterTouchTool relaunch|
1574144192.977698|LIC|license appears to be valid|
1574144192.978468|LIC|license dictionary {
    CheckoutName = "Dirk Tornow";
    Email = "dirk@smings.com";
    LicenseType = "paddle_lifetime";
    Licenses = 1;
    Name = "Dirk Tornow";
    OrderID = 3e077963858a1f0ad0eee360737f6c61;
    Product = BetterTouchTool;
    Signature = {length = 128, bytes = 0x2f068c1d e2832ee2 79716cd0 54f19928 ... 8ba28ded 5766fc94 };
    Timestamp = 1568360356;
    TransactionID = "39422015-chreb48eb62a14f-6ce7abad5e";
}|
1574144192.978518|LIC|systemdate 2019-09-13 07:39:16 +0000|
1574144192.978526|LIC|using date 1568360356|
1574144192.978551|lic|newest date 2019-09-13 07:39:16 +0000|
1574144192.978557|lic|lict 39422015-chreb48eb62a14f-6ce7abad5e|
1574144192.980347|lic|newest date 2019-09-13 07:39:16 +0000|
1574144192.980362|lic|lict 39422015-chreb48eb62a14f-6ce7abad5e|
1574144192.980479|LIC|License is valid for this version|
1574144192.994076|lic|newest date 2019-09-13 07:39:16 +0000|
1574144192.994090|lic|lict 39422015-chreb48eb62a14f-6ce7abad5e|
1574144193.028250|PERM|Can record screen 1|
1574144193.028322|xw|is trusted|
1574144193.047136|short|call sharedInstance4|
1574144193.105185|M|mt_stop10|
1574144193.106673|M|register touchbar mbp trackpad|
1574144193.106692|M|register internal trackpad|
1574144193.106832|STDEV|68|
1574144193.569475|lic|newest date 2019-09-13 07:39:16 +0000|
1574144193.569494|lic|lict 39422015-chreb48eb62a14f-6ce7abad5e|
1574144193.570846|START|TB VISIBLE 0|
1574144193.570862|START|TB FORCED HIDDEN 0|
1574144193.579720|lic|newest date 2019-09-13 07:39:16 +0000|
1574144193.579737|lic|lict 39422015-chreb48eb62a14f-6ce7abad5e|
1574144193.581463|LAUNCH|DIDLaunch END frontmostApp: com.google.Chrome, touchpadMode 0, windowSnappingDisabled 0, singleFingerScrollingDisabled 0, mmScrollingUsed 0, tpScrollingUsed 0, tpPinchUsed 0, tpRotateUsed 0|
1574144193.599562|lic|newest date 2019-09-13 07:39:16 +0000|
1574144193.599580|lic|lict 39422015-chreb48eb62a14f-6ce7abad5e|
1574144193.614923|SLEEP|FORCESHOWAFTERSLEEP2|
1574144193.614944|TB|Force show Touch Bar|
1574144193.720494|SLEEP|FORCESHOWAFTERSLEEP3|
1574144193.720514|TB|Force show Touch Bar|
1574144194.506494|ASL|Bonjour Service Published: domain(local.) type(_bttremote._tcp.) name(McDiTo) port(50675)|
1574144194.507002|M|mt_stop2|
1574144194.508359|M|unregister magic trackpad 2|
1574144194.509447|M|register touchbar mbp trackpad|
1574144194.509464|M|register internal trackpad|
1574144194.509580|STDEV|68|
1574144198.671919|SYS|USB DEVICE CONNECTED|
1574144198.672021|SYS|USB Connect Count 1|
1574144198.727202|SYS|USB DEVICE CONNECTED|
1574144198.727242|SYS|USB Connect Count 2|
1574144199.360211|SYS|USB DEVICE CONNECTED|
1574144199.360303|SYS|USB Connect Count 3|
1574144199.825236|SYS|USB DEVICE CONNECTED|
1574144199.825322|SYS|USB Connect Count 4|
1574144202.449519|M|mt_stop2|
1574144202.450854|M|unregister magic trackpad 2|
1574144202.453181|M|register touchbar mbp trackpad|
1574144202.453202|M|register internal trackpad|
1574144202.453351|STDEV|68|
1574144204.616467|M|mt_stop2|
1574144204.618324|M|unregister magic trackpad 2|
1574144204.621172|M|register touchbar mbp trackpad|
1574144204.621212|M|register internal trackpad|
1574144204.621430|STDEV|68|
1574144206.769227|SYS|USB DEVICE DISCONNECTED|
1574144206.769698|SYS|USB DEVICE DISCONNECTED|
1574144206.836855|SYS|USB DEVICE DISCONNECTED|
1574144206.837243|SYS|USB DEVICE DISCONNECTED|
1574144207.841813|M|mt_stop2|
1574144207.843818|M|unregister magic trackpad 2|
1574144207.846762|M|register touchbar mbp trackpad|
1574144207.846800|M|register internal trackpad|
1574144207.847036|STDEV|68|
1574144208.908758|SYS|USB DEVICE CONNECTED|
1574144208.908905|SYS|USB Connect Count 9|
1574144208.966394|SYS|USB DEVICE CONNECTED|
1574144208.966517|SYS|USB Connect Count 10|
1574144209.495574|M|mt_stop2|
1574144209.497068|M|unregister magic trackpad 2|
1574144209.498760|M|register touchbar mbp trackpad|
1574144209.498786|M|register internal trackpad|
1574144209.498947|STDEV|68|
1574144209.598141|SYS|USB DEVICE CONNECTED|
1574144209.598234|SYS|USB Connect Count 11|
1574144209.968583|SYS|USB DEVICE CONNECTED|
1574144209.968704|SYS|USB Connect Count 12|
1574144212.622179|M|mt_stop2|
1574144212.647885|M|unregister magic trackpad 2|
1574144212.654047|M|register touchbar mbp trackpad|
1574144212.654065|M|register internal trackpad|
1574144212.654240|STDEV|68|
1574144213.139582|M|mt_stop2|
1574144213.140893|M|unregister magic trackpad 2|
1574144213.142279|M|register touchbar mbp trackpad|
1574144213.142296|M|register internal trackpad|
1574144213.142430|STDEV|68|
1574144214.821041|M|mt_stop2|
1574144214.822319|M|unregister magic trackpad 2|
1574144214.823602|M|register touchbar mbp trackpad|
1574144214.823630|M|register internal trackpad|
1574144214.823771|STDEV|68|
1574144217.823523|M|mt_stop2|
1574144217.825125|M|unregister magic trackpad 2|
1574144217.826969|M|register touchbar mbp trackpad|
1574144217.826998|M|register internal trackpad|
1574144217.827552|M|register magic trackpad 2|
1574144217.827796|STDEV|6881|
1574144217.985809|M|mt_stop2|
1574144217.987433|M|unregister magic trackpad 2|
1574144217.988861|M|unregister magic trackpad 2|
1574144217.991896|M|register touchbar mbp trackpad|
1574144217.991926|M|register internal trackpad|
1574144217.992495|M|register magic trackpad 2|
1574144217.992755|STDEV|6881|
1574144526.270888|LMDrag|dragged after three finger click block|
1574144526.278905|snar|1|
1574144529.408785|LMDrag|dragged after three finger click block|
1574144605.052979|LMDrag|dragged after three finger click block|
1574144605.061608|snar|1|
1574144605.559791|snar|1|
1574144688.188951|LMDrag|dragged after three finger click block|
1574144792.997607|lic|newest date 2019-09-13 07:39:16 +0000|
1574144792.997634|lic|lict 39422015-chreb48eb62a14f-6ce7abad5e|
1574144841.451801|LMDrag|dragged after three finger click block|
1574144971.311211|LMDrag|dragged after three finger click block|
1574144973.818049|LMDrag|dragged after three finger click block|
1574145070.554860|LMDrag|dragged after three finger click block|
1574145078.192809|LMDrag|dragged after three finger click block|
1574145102.932602|LMDrag|dragged after three finger click block|
1574145115.259080|LMDrag|dragged after three finger click block|
1574145225.781040|LMDrag|dragged after three finger click block|
1574145233.798540|LMDrag|dragged after three finger click block|
1574145241.767159|LMDrag|dragged after three finger click block|
1574145247.409785|LMDrag|dragged after three finger click block|
1574145256.749440|LMDrag|dragged after three finger click block|
1574145262.440288|LMDrag|dragged after three finger click block|
1574145273.433881|LMDrag|dragged after three finger click block|
1574145275.009246|LMDrag|dragged after three finger click block|
1574145345.016394|LMDrag|dragged after three finger click block|
1574145386.495840|LMDrag|dragged after three finger click block|
1574145417.215594|LMDrag|dragged after three finger click block|
1574145417.262908|snar|1|
